#
# A fatal error has been detected by the Java Runtime Environment:
#
#  EXCEPTION_ACCESS_VIOLATION (0xc0000005) at pc=0x0000000063b32f83, pid=6664, tid=2724
#
# JRE version:  (9.0+11) (build )
# Java VM: Java HotSpot(TM) 64-Bit Server VM (9.0.4+11, mixed mode, tiered, compressed oops, g1 gc, windows-amd64)
# Problematic frame:
# V  [jvm.dll+0x1b2f83]
#
# No core dump will be written. Minidumps are not enabled by default on client versions of Windows
#
# If you would like to submit a bug report, please visit:
#   http://bugreport.java.com/bugreport/crash.jsp
#

---------------  S U M M A R Y ------------

Command Line: 

Host: Intel(R) Core(TM) i5-8250U CPU @ 1.60GHz, 8 cores, 7G,  Windows 10 , 64 bit Build 16299 (10.0.16299.15)
Time: Tue Apr 24 14:26:44 2018 Eastern Daylight Time elapsed time: 0 seconds (0d 0h 0m 0s)

---------------  T H R E A D  ---------------

Current thread (0x000001510c522800):  JavaThread "Unknown thread" [_thread_in_vm, id=2724, stack(0x000000504ea00000,0x000000504eb00000)]

Stack: [0x000000504ea00000,0x000000504eb00000],  sp=0x000000504eaff230,  free space=1020k
Native frames: (J=compiled Java code, j=interpreted, Vv=VM code, C=native code)


siginfo: EXCEPTION_ACCESS_VIOLATION (0xc0000005), reading address 0x0000000000000000


Registers:
RAX=0x0000000000000001, RBX=0x0000000000000000, RCX=0x0000000000000000, RDX=0x000001510c502201
RSP=0x000000504eaff230, RBP=0x0000000000000000, RSI=0x000000504eaff668, RDI=0x000001510c522800
R8 =0x0000000000000000, R9 =0x0000000000000006, R10=0x0000000000000007, R11=0x000000504eafeac0
R12=0x0000000063ebf920, R13=0x0000000000000000, R14=0x000001510c50baa8, R15=0x0000000000000000
RIP=0x0000000063b32f83, EFLAGS=0x0000000000010256

Top of Stack: (sp=0x000000504eaff230)
0x000000504eaff230:   000001510c52d010 0000000063f2d773
0x000000504eaff240:   0000000000000038 0000000063ee196d
0x000000504eaff250:   000000006415a708 00000000640f8d50
0x000000504eaff260:   0000000000000140 000000504eaff2c0
0x000000504eaff270:   000001510c522800 0000000063ee1ce5
0x000000504eaff280:   000001510c520890 0000000000000000
0x000000504eaff290:   0000000000000000 0000000063ee16a7
0x000000504eaff2a0:   0000000000000000 0000000063f2d569
0x000000504eaff2b0:   00000003b421b9b7 0000000063980000
0x000000504eaff2c0:   000001510c52d010 0000000000000000
0x000000504eaff2d0:   0000000000000004 000039fda8ddc9b1
0x000000504eaff2e0:   0000000000000000 0000000063b32b35
0x000000504eaff2f0:   0000000000000004 0000000000000000
0x000000504eaff300:   0000000000000000 000000504eaff668
0x000000504eaff310:   000000504eaff350 0000000063b30ed1
0x000000504eaff320:   0000000000000000 000000504eaff350 

Instructions: (pc=0x0000000063b32f83)
0x0000000063b32f63:   48 33 c4 48 89 84 24 a8 00 00 00 0f b6 c2 88 54
0x0000000063b32f73:   24 31 48 8b e9 49 83 c8 ff 0f 1f 40 00 49 ff c0
0x0000000063b32f83:   41 80 3c 08 00 75 f6 33 f6 45 33 ed 88 44 24 30
0x0000000063b32f93:   45 85 c0 0f 8e 78 02 00 00 8b 0d a2 10 7e 00 65 



---------------  P R O C E S S  ---------------

Java Threads: ( => current thread )

Other Threads:

[error occurred during error reporting (printing all threads), id 0xc0000005]

VM state:not at safepoint (not fully initialized)

VM Mutex/Monitor currently owned by a thread: None


[error occurred during error reporting (printing compressed oops mode), id 0xc0000005]

Deoptimization events (0 events):
No events

Classes redefined (0 events):
No events

Internal exceptions (0 events):
No events

Events (0 events):
No events


Dynamic libraries:
0x00007ff728150000 - 0x00007ff72818e000 	C:\ProgramData\Oracle\Java\javapath\java.exe
0x00007ff9d18e0000 - 0x00007ff9d1ac0000 	C:\WINDOWS\SYSTEM32\ntdll.dll
0x00007ff9cefe0000 - 0x00007ff9cf08e000 	C:\WINDOWS\System32\KERNEL32.DLL
0x00007ff9cdfe0000 - 0x00007ff9ce246000 	C:\WINDOWS\System32\KERNELBASE.dll
0x00007ff9d16b0000 - 0x00007ff9d1751000 	C:\WINDOWS\System32\ADVAPI32.dll
0x00007ff9d0a90000 - 0x00007ff9d0b2d000 	C:\WINDOWS\System32\msvcrt.dll
0x00007ff9d1640000 - 0x00007ff9d169b000 	C:\WINDOWS\System32\sechost.dll
0x00007ff9d1790000 - 0x00007ff9d18af000 	C:\WINDOWS\System32\RPCRT4.dll
0x00007ff9d0b30000 - 0x00007ff9d0cbf000 	C:\WINDOWS\System32\USER32.dll
0x00007ff9cecc0000 - 0x00007ff9cece0000 	C:\WINDOWS\System32\win32u.dll
0x00007ff9d1760000 - 0x00007ff9d1788000 	C:\WINDOWS\System32\GDI32.dll
0x00007ff9cde40000 - 0x00007ff9cdfd3000 	C:\WINDOWS\System32\gdi32full.dll
0x00007ff9ce250000 - 0x00007ff9ce2eb000 	C:\WINDOWS\System32\msvcp_win.dll
0x00007ff9cdce0000 - 0x00007ff9cddd6000 	C:\WINDOWS\System32\ucrtbase.dll
0x00007ff9b4940000 - 0x00007ff9b4ba9000 	C:\WINDOWS\WinSxS\amd64_microsoft.windows.common-controls_6595b64144ccf1df_6.0.16299.125_none_15cbcf8893620c09\COMCTL32.dll
0x00007ff9d1110000 - 0x00007ff9d1418000 	C:\WINDOWS\System32\combase.dll
0x00007ff9bec10000 - 0x00007ff9bec1a000 	C:\WINDOWS\SYSTEM32\VERSION.dll
0x00007ff9cece0000 - 0x00007ff9ced52000 	C:\WINDOWS\System32\bcryptPrimitives.dll
0x00007ff9cefb0000 - 0x00007ff9cefdd000 	C:\WINDOWS\System32\IMM32.DLL
0x00007ff9b2750000 - 0x00007ff9b283f000 	C:\Program Files\Java\jre-9.0.4\bin\msvcr120.dll
0x00007ff9b26a0000 - 0x00007ff9b2746000 	C:\Program Files\Java\jre-9.0.4\bin\msvcp120.dll
0x0000000063980000 - 0x00000000643a5000 	C:\Program Files\Java\jre-9.0.4\bin\server\jvm.dll
0x00007ff9d0920000 - 0x00007ff9d0928000 	C:\WINDOWS\System32\PSAPI.DLL
0x00007ff9c86a0000 - 0x00007ff9c86c3000 	C:\WINDOWS\SYSTEM32\WINMM.dll
0x00007ff9bd880000 - 0x00007ff9bd889000 	C:\WINDOWS\SYSTEM32\WSOCK32.dll
0x00007ff9cee90000 - 0x00007ff9ceefc000 	C:\WINDOWS\System32\WS2_32.dll
0x00007ff9c8450000 - 0x00007ff9c847a000 	C:\WINDOWS\SYSTEM32\WINMMBASE.dll
0x00007ff9ced60000 - 0x00007ff9cedaa000 	C:\WINDOWS\System32\cfgmgr32.dll
0x00007ff9c79b0000 - 0x00007ff9c79bf000 	C:\Program Files\Java\jre-9.0.4\bin\verify.dll
0x00007ff9c7980000 - 0x00007ff9c79a7000 	C:\Program Files\Java\jre-9.0.4\bin\java.dll
0x00007ff9c7900000 - 0x00007ff9c7916000 	C:\Program Files\Java\jre-9.0.4\bin\zip.dll
0x00007ff9c78d0000 - 0x00007ff9c78da000 	C:\Program Files\Java\jre-9.0.4\bin\jimage.dll
0x00007ff9ccaa0000 - 0x00007ff9ccc68000 	C:\WINDOWS\SYSTEM32\dbghelp.dll

VM Arguments:
java_command: <unknown>
java_class_path (initial): <not set>
Launcher Type: SUN_STANDARD

Logging:
Log output configuration:
#0: stdout all=warning uptime,level,tags
#1: stderr all=off uptime,level,tags

Environment Variables:
PATH=C:\Users\reako\bin;C:\Program Files\Git\mingw64\bin;C:\Program Files\Git\usr\local\bin;C:\Program Files\Git\usr\bin;C:\Program Files\Git\usr\bin;C:\Program Files\Git\mingw64\bin;C:\Program Files\Git\usr\bin;C:\Users\reako\bin;C:\ProgramData\Oracle\Java\javapath;C:\Program Files (x86)\Intel\iCLS Client;C:\Program Files\Intel\iCLS Client;C:\WINDOWS\system32;C:\WINDOWS;C:\WINDOWS\System32\Wbem;C:\WINDOWS\System32\WindowsPowerShell\v1.0;C:\Program Files (x86)\Intel\Intel(R) Management Engine Components\DAL;C:\Program Files\Intel\Intel(R) Management Engine Components\DAL;C:\Program Files (x86)\Intel\Intel(R) Management Engine Components\IPT;C:\Program Files\Intel\Intel(R) Management Engine Components\IPT;C:\Program Files\Intel\WiFi\bin;C:\Program Files\Common Files\Intel\WirelessCommon;C:\Program Files\Git\cmd;C:\Users\reako\AppData\Local\Microsoft\WindowsApps;%DASHLANE_DLL_DIR%;C:\Program Files\Git\usr\bin\vendor_perl;C:\Program Files\Git\usr\bin\core_perl
USERNAME=reako
SHELL=C:\Program Files\Git\usr\bin\bash.exe
DISPLAY=needs-to-be-defined
OS=Windows_NT
PROCESSOR_IDENTIFIER=Intel64 Family 6 Model 142 Stepping 10, GenuineIntel



---------------  S Y S T E M  ---------------

OS: Windows 10 , 64 bit Build 16299 (10.0.16299.15)

CPU:total 8 (initial active 8) 

Memory: 4k page, physical 8268832k(4841112k free), swap 10234912k(6497768k free)

vm_info: Java HotSpot(TM) 64-Bit Server VM (9.0.4+11) for windows-amd64 JRE (9.0.4+11), built on Dec 20 2017 02:18:54 by "mach5one" with MS VC++ 12.0 (VS2013)

END.
